[2015-07-25 00:15:23] START
[2015-07-25 00:16:24] EDIT statsChart/controllers/default.py: 6
[2015-07-25 00:16:24] EDIT statsChart/controllers/default.py: 0
[2015-07-25 00:21:31] EDIT statsChart/views/default/index.html: 0
[2015-07-25 00:21:32] EDIT statsChart/views/default/index.html: 0
[2015-07-25 00:22:10] EDIT statsChart/views/default/index.html: -43
[2015-07-25 00:22:10] EDIT statsChart/views/default/index.html: 0
[2015-07-25 00:22:27] EDIT statsChart/views/default/index.html: 0
[2015-07-25 00:22:28] EDIT statsChart/views/default/index.html: 0
[2015-07-25 00:22:28] EDIT statsChart/views/default/index.html: 0
[2015-07-25 00:28:34] EDIT statsChart/views/default/index.html: 0
[2015-07-25 00:28:34] EDIT statsChart/views/default/index.html: 0
[2015-07-25 00:28:35] EDIT statsChart/views/default/index.html: 0
[2015-07-25 00:29:02] EDIT statsChart/views/default/index.html: 0
[2015-07-25 00:29:02] EDIT statsChart/views/default/index.html: 0
[2015-07-25 00:29:10] EDIT statsChart/views/default/index.html: 0
[2015-07-25 00:29:10] EDIT statsChart/views/default/index.html: 0
[2015-07-25 00:29:17] EDIT statsChart/views/default/index.html: 0
[2015-07-25 00:29:26] EDIT statsChart/views/default/index.html: 0
[2015-07-25 00:29:26] EDIT statsChart/views/default/index.html: 0
[2015-07-25 00:30:53] EDIT statsChart/views/default/index.html: 0
[2015-07-25 00:31:16] EDIT statsChart/views/default/index.html: 0
[2015-07-25 00:31:59] CREATE default/yahooFinance.html: 0
[2015-07-25 00:32:07] CREATE default/twitterMentions.html: 0
[2015-07-25 00:32:13] CREATE default/ccextractor.html: 0
[2015-07-25 00:41:27] EDIT statsChart/views/default/index.html: 0
[2015-07-25 00:41:27] EDIT statsChart/views/default/index.html: 0
[2015-07-25 00:41:50] EDIT statsChart/views/default/ccextractor.html: 3
[2015-07-25 00:41:50] EDIT statsChart/views/default/ccextractor.html: 0
[2015-07-25 00:42:00] EDIT statsChart/views/default/twitterMentions.html: 3
[2015-07-25 00:42:47] EDIT statsChart/views/default/index.html: 1
[2015-07-25 00:42:47] EDIT statsChart/views/default/index.html: 0
[2015-07-25 00:42:56] EDIT statsChart/views/default/yahooFinance.html: 4
[2015-07-25 00:42:57] EDIT statsChart/views/default/yahooFinance.html: 0
[2015-07-25 00:43:01] EDIT statsChart/views/default/twitterMentions.html: 1
[2015-07-25 00:43:01] EDIT statsChart/views/default/twitterMentions.html: 0
[2015-07-25 00:43:06] EDIT statsChart/views/default/ccextractor.html: 1
[2015-07-25 00:43:06] EDIT statsChart/views/default/ccextractor.html: 0
[2015-07-25 00:43:17] EDIT statsChart/views/default/ccextractor.html: 0
[2015-07-25 00:43:41] EDIT statsChart/views/default/yahooFinance.html: 0
[2015-07-25 00:43:42] EDIT statsChart/views/default/yahooFinance.html: 0
[2015-07-25 00:43:47] EDIT statsChart/views/default/twitterMentions.html: 0
[2015-07-25 00:43:47] EDIT statsChart/views/default/twitterMentions.html: 0
[2015-07-25 00:43:58] EDIT statsChart/views/default/index.html: 0
[2015-07-25 00:43:58] EDIT statsChart/views/default/index.html: 0
[2015-07-25 00:43:58] EDIT statsChart/views/default/index.html: 0
[2015-07-25 00:44:26] EDIT statsChart/views/default/index.html: 0
[2015-07-25 00:44:26] EDIT statsChart/views/default/index.html: 0
[2015-07-25 00:44:29] EDIT statsChart/views/default/index.html: 0
[2015-07-25 00:44:29] EDIT statsChart/views/default/index.html: 0
[2015-07-25 00:44:46] EDIT statsChart/views/default/index.html: 0
[2015-07-25 00:44:47] EDIT statsChart/views/default/index.html: 0
[2015-07-25 00:44:53] EDIT statsChart/views/default/index.html: 0
[2015-07-25 00:44:53] EDIT statsChart/views/default/index.html: 0
[2015-07-25 00:44:54] EDIT statsChart/views/default/index.html: 0
[2015-07-25 00:45:02] EDIT statsChart/views/default/index.html: 0
[2015-07-25 00:45:03] EDIT statsChart/views/default/index.html: 0
[2015-07-25 00:45:59] EDIT statsChart/views/default/index.html: 0
[2015-07-25 00:46:00] EDIT statsChart/views/default/index.html: 0
[2015-07-25 00:46:26] EDIT statsChart/views/default/ccextractor.html: 0
[2015-07-25 00:46:27] EDIT statsChart/views/default/ccextractor.html: 0
[2015-07-25 00:46:32] EDIT statsChart/views/default/twitterMentions.html: 0
[2015-07-25 00:46:36] EDIT statsChart/views/default/twitterMentions.html: 0
[2015-07-25 00:46:36] EDIT statsChart/views/default/twitterMentions.html: 0
[2015-07-25 00:46:45] EDIT statsChart/views/default/ccextractor.html: 0
[2015-07-25 00:46:45] EDIT statsChart/views/default/ccextractor.html: 0
[2015-07-25 00:46:56] EDIT statsChart/views/default/yahooFinance.html: 0
[2015-07-25 00:46:56] EDIT statsChart/views/default/yahooFinance.html: 0
[2015-07-25 00:46:56] EDIT statsChart/views/default/yahooFinance.html: 0
[2015-07-25 00:48:59] EDIT statsChart/views/layout.html: 0
[2015-07-25 00:48:59] EDIT statsChart/views/layout.html: 0
[2015-07-25 00:48:59] EDIT statsChart/views/layout.html: 0
[2015-07-25 00:49:23] EDIT statsChart/views/layout.html: -1
[2015-07-25 00:49:24] EDIT statsChart/views/layout.html: 0
[2015-07-25 00:51:24] EDIT statsChart/views/layout.html: 1
[2015-07-25 00:51:24] EDIT statsChart/views/layout.html: 0
[2015-07-25 00:51:24] EDIT statsChart/views/layout.html: 0
[2015-07-25 00:51:39] EDIT statsChart/views/layout.html: 0
[2015-07-25 00:51:39] EDIT statsChart/views/layout.html: 0
[2015-07-25 00:52:13] EDIT statsChart/models/menu.py: 0
[2015-07-25 00:52:13] EDIT statsChart/models/menu.py: 0
[2015-07-25 00:52:27] EDIT statsChart/models/menu.py: 0
[2015-07-25 00:52:27] EDIT statsChart/models/menu.py: 0
[2015-07-25 00:52:27] EDIT statsChart/models/menu.py: 0
[2015-07-25 00:53:24] EDIT statsChart/models/menu.py: 0
[2015-07-25 00:53:24] EDIT statsChart/models/menu.py: 0
[2015-07-25 00:53:24] EDIT statsChart/models/menu.py: 0
[2015-07-25 00:54:02] EDIT statsChart/models/menu.py: -1
[2015-07-25 00:54:02] EDIT statsChart/models/menu.py: 0
[2015-07-25 00:54:02] EDIT statsChart/models/menu.py: 0
[2015-07-25 00:54:30] EDIT statsChart/models/menu.py: 0
[2015-07-25 00:54:31] EDIT statsChart/models/menu.py: 0
[2015-07-25 00:54:58] EDIT statsChart/models/menu.py: 0
[2015-07-25 00:54:58] EDIT statsChart/models/menu.py: 0
[2015-07-25 00:55:58] EDIT statsChart/views/layout.html: -8
[2015-07-25 00:55:58] EDIT statsChart/views/layout.html: 0
[2015-07-25 00:56:14] EDIT statsChart/views/layout.html: 0
[2015-07-25 00:56:14] EDIT statsChart/views/layout.html: 0
[2015-07-25 00:56:36] EDIT statsChart/views/layout.html: 0
[2015-07-25 00:56:36] EDIT statsChart/views/layout.html: 0
[2015-07-25 00:56:54] EDIT statsChart/views/layout.html: 0
[2015-07-25 00:56:54] EDIT statsChart/views/layout.html: 0
[2015-07-25 00:56:54] EDIT statsChart/views/layout.html: 0
[2015-07-25 00:57:04] EDIT statsChart/views/layout.html: 0
[2015-07-25 00:57:04] EDIT statsChart/views/layout.html: 0
[2015-07-25 00:57:41] EDIT statsChart/views/layout.html: 0
[2015-07-28 14:16:20] EDIT statsChart/controllers/default.py: -1
[2015-07-28 14:16:21] EDIT statsChart/controllers/default.py: 0
[2015-07-28 14:16:21] EDIT statsChart/controllers/default.py: 0
[2015-07-28 14:16:21] EDIT statsChart/controllers/default.py: 0
[2015-07-28 14:17:05] EDIT statsChart/controllers/default.py: -6
[2015-07-30 14:26:15] EDIT statsChart/controllers/default.py: 5
[2015-07-30 14:26:15] EDIT statsChart/controllers/default.py: 0
[2015-07-30 14:26:44] EDIT statsChart/controllers/default.py: 0
[2015-07-30 14:26:44] EDIT statsChart/controllers/default.py: 0
[2015-07-30 14:28:44] EDIT statsChart/views/default/index.html: 3
[2015-07-30 14:28:44] EDIT statsChart/views/default/index.html: 0
[2015-07-30 14:29:03] EDIT statsChart/controllers/default.py: -1
[2015-07-30 14:29:03] EDIT statsChart/controllers/default.py: 0
[2015-07-30 14:29:38] EDIT statsChart/controllers/default.py: 0
[2015-07-30 14:30:10] EDIT statsChart/controllers/default.py: -4
[2015-07-30 14:30:10] EDIT statsChart/controllers/default.py: 0
[2015-07-30 14:30:22] EDIT statsChart/views/default/index.html: -1
[2015-07-30 14:30:23] EDIT statsChart/views/default/index.html: 0
[2015-07-30 14:30:44] EDIT statsChart/views/default/index.html: -2
[2015-07-30 14:30:44] EDIT statsChart/views/default/index.html: 0
[2015-07-30 14:31:02] EDIT statsChart/controllers/default.py: 0
[2015-07-30 14:31:02] EDIT statsChart/controllers/default.py: 0
[2015-07-30 14:36:37] EDIT statsChart/views/default/index.html: 11
[2015-07-30 14:36:37] EDIT statsChart/views/default/index.html: 0
[2015-07-30 14:37:57] EDIT statsChart/views/default/index.html: 1
[2015-07-30 14:37:57] EDIT statsChart/views/default/index.html: 0
[2015-07-30 14:37:57] EDIT statsChart/views/default/index.html: 0
[2015-07-30 14:38:20] EDIT statsChart/views/default/index.html: 3
[2015-07-30 14:39:16] EDIT statsChart/views/default/index.html: 0
[2015-07-30 14:39:17] EDIT statsChart/views/default/index.html: 0
[2015-07-30 14:39:35] EDIT statsChart/views/default/index.html: -2
[2015-07-30 14:39:35] EDIT statsChart/views/default/index.html: 0
[2015-07-30 14:39:48] EDIT statsChart/views/default/index.html: 0
[2015-07-30 14:39:48] EDIT statsChart/views/default/index.html: 0
[2015-07-30 14:40:02] EDIT statsChart/views/default/index.html: 0
[2015-07-30 14:40:16] EDIT statsChart/views/default/index.html: 0
[2015-07-30 14:42:01] EDIT statsChart/views/default/index.html: 0
[2015-07-30 14:43:15] EDIT statsChart/models/db.py: 2
[2015-07-30 14:43:16] EDIT statsChart/models/db.py: 0
[2015-07-30 14:43:16] EDIT statsChart/models/db.py: 0
[2015-07-30 14:43:44] EDIT statsChart/models/db.py: 0
[2015-07-30 14:43:45] EDIT statsChart/models/db.py: 0
[2015-07-30 14:52:51] EDIT statsChart/views/default/index.html: -2
[2015-07-30 14:52:51] EDIT statsChart/views/default/index.html: 0
[2015-07-30 14:53:00] EDIT statsChart/views/default/index.html: 1
[2015-07-30 14:53:00] EDIT statsChart/views/default/index.html: 0
[2015-07-30 14:53:23] EDIT statsChart/views/default/index.html: 0
[2015-07-30 14:53:23] EDIT statsChart/views/default/index.html: 0
[2015-07-30 14:55:31] EDIT statsChart/views/default/index.html: 0
[2015-07-30 14:55:31] EDIT statsChart/views/default/index.html: 0
[2015-07-30 14:55:55] EDIT statsChart/views/default/index.html: 0
[2015-07-30 14:55:55] EDIT statsChart/views/default/index.html: 0
[2015-07-30 14:58:19] EDIT statsChart/views/default/index.html: 4
[2015-07-30 14:58:19] EDIT statsChart/views/default/index.html: 0
[2015-07-30 14:59:44] EDIT statsChart/views/default/index.html: 2
[2015-07-30 14:59:44] EDIT statsChart/views/default/index.html: 0
[2015-07-30 15:00:42] EDIT statsChart/views/default/index.html: 0
[2015-07-30 15:00:42] EDIT statsChart/views/default/index.html: 0
[2015-07-30 15:00:42] EDIT statsChart/views/default/index.html: 0
[2015-07-30 15:01:53] EDIT statsChart/views/default/index.html: 0
[2015-07-30 15:01:53] EDIT statsChart/views/default/index.html: 0
[2015-07-30 15:03:28] EDIT statsChart/views/default/index.html: 2
[2015-07-30 15:03:29] EDIT statsChart/views/default/index.html: 0
[2015-07-30 15:03:39] EDIT statsChart/views/default/index.html: 0
[2015-07-30 15:03:39] EDIT statsChart/views/default/index.html: 0
[2015-07-30 15:04:27] EDIT statsChart/views/default/index.html: -1
[2015-07-30 15:04:27] EDIT statsChart/views/default/index.html: 0
[2015-07-30 15:04:45] EDIT statsChart/views/default/index.html: 0
[2015-07-30 15:04:45] EDIT statsChart/views/default/index.html: 0
[2015-07-31 01:13:23] EDIT statsChart/models/twitterSearch.py: 10
[2015-07-31 01:14:24] EDIT statsChart/models/twitterSearch.py: 0
[2015-07-31 01:16:02] EDIT statsChart/models/twitterSearch.py: 0
[2015-07-31 01:17:20] EDIT statsChart/views/default/index.html: 1
[2015-07-31 01:17:20] EDIT statsChart/views/default/index.html: 0
[2015-07-31 01:19:20] EDIT statsChart/views/default/index.html: 0
[2015-07-31 01:19:20] EDIT statsChart/views/default/index.html: 0
[2015-07-31 19:05:35] EDIT statsChart/models/testing.py: 0
[2015-07-31 19:05:37] EDIT statsChart/models/testing.py: 0
[2015-08-02 10:14:22] EDIT statsChart/models/testing.py: 0
[2015-08-02 10:14:22] EDIT statsChart/models/testing.py: 0
[2015-08-02 10:16:21] EDIT statsChart/models/testing.py: 1
[2015-08-02 10:31:24] EDIT statsChart/models/testing.py: -1
[2015-08-02 10:31:25] EDIT statsChart/models/testing.py: 0
[2015-08-02 10:32:00] EDIT statsChart/models/testing.py: 0
[2015-08-02 10:34:07] EDIT statsChart/models/testing.py: 1
[2015-08-02 10:34:07] EDIT statsChart/models/testing.py: 0
[2015-08-02 10:34:08] EDIT statsChart/models/testing.py: 0
[2015-08-02 10:35:20] EDIT statsChart/views/default/index.html: -1
[2015-08-02 10:35:21] EDIT statsChart/views/default/index.html: 0
[2015-08-02 10:51:33] EDIT statsChart/models/db.py: 3
[2015-08-02 10:51:33] EDIT statsChart/models/db.py: 0
[2015-08-02 10:52:19] EDIT statsChart/models/db.py: 2
[2015-08-02 10:52:19] EDIT statsChart/models/db.py: 0
[2015-08-02 10:52:19] EDIT statsChart/models/db.py: 0
[2015-08-02 11:06:38] EDIT statsChart/views/default/index.html: 1
[2015-08-02 11:06:38] EDIT statsChart/views/default/index.html: 0
[2015-08-02 11:06:39] EDIT statsChart/views/default/index.html: 0
[2015-08-02 11:06:39] EDIT statsChart/views/default/index.html: 0
[2015-08-02 11:53:35] EDIT statsChart/models/db.py: 0
[2015-08-02 12:38:53] EDIT statsChart/models/testing.py: 0
[2015-08-02 12:38:53] EDIT statsChart/models/testing.py: 0
[2015-08-02 12:39:04] EDIT statsChart/models/testing.py: 0
[2015-08-02 12:39:05] EDIT statsChart/models/testing.py: 0
[2015-08-02 12:39:25] EDIT statsChart/models/testing.py: 0
[2015-08-02 12:39:57] EDIT statsChart/models/testing.py: 1
[2015-08-02 12:39:57] EDIT statsChart/models/testing.py: 0
[2015-08-02 12:40:55] EDIT statsChart/models/testing.py: 0
[2015-08-02 12:40:55] EDIT statsChart/models/testing.py: 0
[2015-08-02 12:41:38] EDIT statsChart/models/testing.py: -1
[2015-08-02 12:41:39] EDIT statsChart/models/testing.py: 0
[2015-08-02 12:42:05] EDIT statsChart/models/testing.py: 0
[2015-08-02 12:42:05] EDIT statsChart/models/testing.py: 0
[2015-08-02 12:42:22] EDIT statsChart/models/testing.py: 0
[2015-08-02 12:42:23] EDIT statsChart/models/testing.py: 0
[2015-08-02 13:28:14] EDIT statsChart/models/testing.py: -2
[2015-08-02 13:28:14] EDIT statsChart/models/testing.py: 0
[2015-08-02 13:28:14] EDIT statsChart/models/testing.py: 0
[2015-08-02 13:29:58] EDIT statsChart/models/testing.py: 0
[2015-08-02 13:29:58] EDIT statsChart/models/testing.py: 0
[2015-08-02 13:30:31] EDIT statsChart/models/testing.py: 0
[2015-08-02 13:30:31] EDIT statsChart/models/testing.py: 0
[2015-08-02 13:31:46] EDIT statsChart/models/testing.py: 0
[2015-08-02 13:31:47] EDIT statsChart/models/testing.py: 0
[2015-08-02 15:17:47] EDIT statsChart/models/testing.py: 0
[2015-08-02 15:17:47] EDIT statsChart/models/testing.py: 0
[2015-08-05 10:09:16] EDIT statsChart/views/default/index.html: -1
[2015-08-05 10:10:06] EDIT statsChart/models/testing.py: 0
[2015-08-05 10:11:29] EDIT statsChart/models/testing.py: 1
[2015-08-05 10:12:20] EDIT statsChart/models/testing.py: 0
[2015-08-05 10:15:04] EDIT statsChart/models/testing.py: 8
[2015-08-05 10:15:04] EDIT statsChart/models/testing.py: 0
[2015-08-05 10:15:06] EDIT statsChart/models/testing.py: 0
[2015-08-05 10:15:06] EDIT statsChart/models/testing.py: 0
[2015-08-05 10:15:07] EDIT statsChart/models/testing.py: 0
[2015-08-05 10:15:07] EDIT statsChart/models/testing.py: 0
[2015-08-05 10:15:07] EDIT statsChart/models/testing.py: 0
[2015-08-05 10:15:07] EDIT statsChart/models/testing.py: 0
[2015-08-05 10:15:08] EDIT statsChart/models/testing.py: 0
[2015-08-05 10:15:18] EDIT statsChart/models/testing.py: 0
[2015-08-05 10:15:18] EDIT statsChart/models/testing.py: 0
[2015-08-05 10:15:40] EDIT statsChart/models/testing.py: 0
[2015-08-05 10:20:39] EDIT statsChart/models/testing.py: 4
[2015-08-05 10:20:39] EDIT statsChart/models/testing.py: 0
[2015-08-05 10:20:39] EDIT statsChart/models/testing.py: 0
[2015-08-05 10:20:39] EDIT statsChart/models/testing.py: 0
[2015-08-05 10:20:40] EDIT statsChart/models/testing.py: 0
[2015-08-05 10:20:43] EDIT statsChart/models/testing.py: 0
[2015-08-05 10:20:43] EDIT statsChart/models/testing.py: 0
[2015-08-05 10:20:43] EDIT statsChart/models/testing.py: 0
[2015-08-05 10:20:47] EDIT statsChart/models/testing.py: 0
[2015-08-05 10:20:48] EDIT statsChart/models/testing.py: 0
[2015-08-05 10:20:48] EDIT statsChart/models/testing.py: 0
[2015-08-05 10:21:04] EDIT statsChart/models/testing.py: 0
[2015-08-05 10:21:04] EDIT statsChart/models/testing.py: 0
[2015-08-05 10:21:04] EDIT statsChart/models/testing.py: 0
[2015-08-05 10:21:09] EDIT statsChart/models/testing.py: 0
[2015-08-05 10:21:09] EDIT statsChart/models/testing.py: 0
[2015-08-05 10:21:10] EDIT statsChart/models/testing.py: 0
[2015-08-05 10:21:27] EDIT statsChart/models/testing.py: 1
[2015-08-05 10:21:28] EDIT statsChart/models/testing.py: 0
[2015-08-05 10:21:28] EDIT statsChart/models/testing.py: 0
[2015-08-05 10:22:09] EDIT statsChart/models/testing.py: -1
[2015-08-05 10:22:09] EDIT statsChart/models/testing.py: 0
[2015-08-05 10:24:11] EDIT statsChart/models/twitterSearch.py: -28
[2015-08-05 10:24:12] EDIT statsChart/models/twitterSearch.py: 0
[2015-08-05 10:27:33] EDIT statsChart/models/testing.py: 1
[2015-08-05 10:35:19] EDIT statsChart/models/testing.py: 21
[2015-08-05 10:35:21] EDIT statsChart/models/testing.py: 0
[2015-08-05 10:35:21] EDIT statsChart/models/testing.py: 0
[2015-08-05 10:35:21] EDIT statsChart/models/testing.py: 0
[2015-08-05 10:35:34] EDIT statsChart/models/testing.py: 0
[2015-08-05 10:42:28] EDIT statsChart/models/testing.py: 0
[2015-08-05 10:42:28] EDIT statsChart/models/testing.py: 0
[2015-08-05 10:42:44] EDIT statsChart/models/testing.py: 0
[2015-08-05 10:42:54] EDIT statsChart/models/testing.py: -1
[2015-08-05 10:44:54] EDIT statsChart/models/db.py: 0
[2015-08-05 10:44:55] EDIT statsChart/models/db.py: 0
[2015-08-05 10:45:02] EDIT statsChart/models/db.py: 0
[2015-08-05 10:45:02] EDIT statsChart/models/db.py: 0
[2015-08-05 10:45:03] EDIT statsChart/models/db.py: 0
[2015-08-05 10:46:17] EDIT statsChart/models/db.py: 0
[2015-08-05 10:46:17] EDIT statsChart/models/db.py: 0
[2015-08-05 10:46:18] EDIT statsChart/models/db.py: 0
[2015-08-05 10:46:23] EDIT statsChart/models/db.py: 0
[2015-08-05 10:46:23] EDIT statsChart/models/db.py: 0
[2015-08-05 10:46:23] EDIT statsChart/models/db.py: 0
[2015-08-05 10:46:49] EDIT statsChart/models/db.py: 0
[2015-08-05 10:46:49] EDIT statsChart/models/db.py: 0
[2015-08-05 10:46:49] EDIT statsChart/models/db.py: 0
[2015-08-05 10:53:16] EDIT statsChart/models/db.py: 1
[2015-08-05 10:53:22] EDIT statsChart/models/db.py: 0
[2015-08-05 10:53:43] EDIT statsChart/models/db.py: 0
[2015-08-05 10:53:44] EDIT statsChart/models/db.py: 0
[2015-08-05 10:53:44] EDIT statsChart/models/db.py: 0
[2015-08-05 10:53:44] EDIT statsChart/models/db.py: 0
[2015-08-05 10:53:52] EDIT statsChart/models/db.py: 0
[2015-08-05 10:53:53] EDIT statsChart/models/db.py: 0
[2015-08-05 10:53:53] EDIT statsChart/models/db.py: 0
[2015-08-05 10:57:01] EDIT statsChart/models/testing.py: 2
[2015-08-05 10:59:28] EDIT statsChart/models/testing.py: 1
[2015-08-05 10:59:29] EDIT statsChart/models/testing.py: 0
[2015-08-05 10:59:29] EDIT statsChart/models/testing.py: 0
[2015-08-05 11:00:13] EDIT statsChart/models/testing.py: -2
[2015-08-05 11:00:13] EDIT statsChart/models/testing.py: 0
[2015-08-05 11:00:28] EDIT statsChart/models/testing.py: 0
[2015-08-05 11:00:50] EDIT statsChart/models/testing.py: 0
[2015-08-05 11:00:50] EDIT statsChart/models/testing.py: 0
[2015-08-05 11:14:45] EDIT statsChart/models/testing.py: -1
[2015-08-05 11:14:45] EDIT statsChart/models/testing.py: 0
[2015-08-05 12:16:35] EDIT statsChart/models/testing.py: 2
[2015-08-05 12:17:53] EDIT statsChart/models/testing.py: 0
[2015-08-05 12:20:01] EDIT statsChart/models/testing.py: 0
[2015-08-05 12:20:01] EDIT statsChart/models/testing.py: 0
[2015-08-05 12:20:01] EDIT statsChart/models/testing.py: 0
[2015-08-05 12:20:39] EDIT statsChart/models/testing.py: 0
[2015-08-05 12:20:39] EDIT statsChart/models/testing.py: 0
[2015-08-05 12:20:39] EDIT statsChart/models/testing.py: 0
[2015-08-05 12:31:03] EDIT statsChart/models/testing.py: 0
[2015-08-05 12:31:03] EDIT statsChart/models/testing.py: 0
[2015-08-05 12:31:03] EDIT statsChart/models/testing.py: 0
[2015-08-05 12:31:03] EDIT statsChart/models/testing.py: 0
[2015-08-05 12:31:04] EDIT statsChart/models/testing.py: 0
[2015-08-05 12:46:02] EDIT statsChart/models/db.py: 0
[2015-08-05 12:46:04] EDIT statsChart/models/db.py: 0
[2015-08-05 13:16:57] EDIT statsChart/models/testing.py: 3
[2015-08-05 13:16:58] EDIT statsChart/models/testing.py: 0
[2015-08-05 13:16:58] EDIT statsChart/models/testing.py: 0
[2015-08-05 13:16:58] EDIT statsChart/models/testing.py: 0
[2015-08-05 13:16:58] EDIT statsChart/models/testing.py: 0
[2015-08-05 13:16:58] EDIT statsChart/models/testing.py: 0
[2015-08-05 13:17:17] EDIT statsChart/models/testing.py: 0
[2015-08-05 13:17:18] EDIT statsChart/models/testing.py: 0
[2015-08-05 13:17:18] EDIT statsChart/models/testing.py: 0
[2015-08-05 13:17:18] EDIT statsChart/models/testing.py: 0
[2015-08-05 13:17:18] EDIT statsChart/models/testing.py: 0
[2015-08-05 13:17:18] EDIT statsChart/models/testing.py: 0
[2015-08-05 13:18:54] EDIT statsChart/models/testing.py: -2
[2015-08-05 13:18:54] EDIT statsChart/models/testing.py: 0
[2015-08-05 13:18:54] EDIT statsChart/models/testing.py: 0
[2015-08-05 13:19:35] EDIT statsChart/models/testing.py: 0
[2015-08-05 13:19:35] EDIT statsChart/models/testing.py: 0
[2015-08-05 13:19:35] EDIT statsChart/models/testing.py: 0
[2015-08-05 13:19:35] EDIT statsChart/models/testing.py: 0
[2015-08-05 13:22:49] EDIT statsChart/models/testing.py: 0
[2015-08-05 13:22:50] EDIT statsChart/models/testing.py: 0
[2015-08-05 13:22:50] EDIT statsChart/models/testing.py: 0
[2015-08-05 13:23:04] EDIT statsChart/models/testing.py: 0
[2015-08-05 13:23:05] EDIT statsChart/models/testing.py: 0
[2015-08-05 13:23:05] EDIT statsChart/models/testing.py: 0
[2015-08-05 13:23:05] EDIT statsChart/models/testing.py: 0
[2015-08-05 13:40:04] EDIT statsChart/models/testing.py: 0
[2015-08-05 13:40:05] EDIT statsChart/models/testing.py: 0
[2015-08-05 13:40:05] EDIT statsChart/models/testing.py: 0
[2015-08-05 13:40:11] EDIT statsChart/models/testing.py: 0
[2015-08-05 13:40:11] EDIT statsChart/models/testing.py: 0
[2015-08-05 13:40:11] EDIT statsChart/models/testing.py: 0
[2015-08-05 13:40:11] EDIT statsChart/models/testing.py: 0
[2015-08-05 13:42:04] EDIT statsChart/models/testing.py: 0
[2015-08-05 13:42:04] EDIT statsChart/models/testing.py: 0
[2015-08-05 13:42:05] EDIT statsChart/models/testing.py: 0
[2015-08-05 16:28:16] EDIT statsChart/models/testing.py: 0
[2015-08-05 16:28:16] EDIT statsChart/models/testing.py: 0
[2015-08-05 16:28:17] EDIT statsChart/models/testing.py: 0
[2015-08-05 16:29:10] EDIT statsChart/models/testing.py: 0
[2015-08-05 16:29:10] EDIT statsChart/models/testing.py: 0
[2015-08-05 16:29:10] EDIT statsChart/models/testing.py: 0
[2015-08-05 16:29:11] EDIT statsChart/models/testing.py: 0
[2015-08-05 16:32:58] EDIT statsChart/models/testing.py: 1
[2015-08-05 16:33:10] EDIT statsChart/models/testing.py: 1
[2015-08-05 16:33:11] EDIT statsChart/models/testing.py: 0
[2015-08-05 16:33:11] EDIT statsChart/models/testing.py: 0
[2015-08-05 16:37:33] EDIT statsChart/models/testing.py: -1
[2015-08-05 16:37:33] EDIT statsChart/models/testing.py: 0
[2015-08-05 16:38:17] EDIT statsChart/models/testing.py: 0
[2015-08-05 16:38:17] EDIT statsChart/models/testing.py: 0
[2015-08-05 16:38:17] EDIT statsChart/models/testing.py: 0
[2015-08-05 16:38:22] EDIT statsChart/models/testing.py: 0
[2015-08-05 16:38:22] EDIT statsChart/models/testing.py: 0
[2015-08-05 16:38:23] EDIT statsChart/models/testing.py: 0
[2015-08-05 16:46:20] EDIT statsChart/models/testing.py: 0
[2015-08-05 17:15:56] EDIT statsChart/models/testing.py: -1
[2015-08-05 17:15:56] EDIT statsChart/models/testing.py: 0
[2015-08-05 17:16:46] EDIT statsChart/models/testing.py: 0
[2015-08-05 20:53:51] EDIT statsChart/models/testing.py: 0
[2015-08-05 20:53:51] EDIT statsChart/models/testing.py: 0
[2015-08-05 20:53:52] EDIT statsChart/models/testing.py: 0
[2015-08-16 14:28:02] EDIT statsChart/controllers/default.py: 0
[2015-08-16 14:28:03] EDIT statsChart/controllers/default.py: 0
[2015-08-16 14:28:44] EDIT statsChart/controllers/default.py: 0
[2015-08-16 14:29:07] EDIT statsChart/views/default/index.html: 0
[2015-08-16 14:31:17] EDIT statsChart/controllers/default.py: 1
[2015-08-16 14:31:28] EDIT statsChart/controllers/default.py: 0
[2015-08-16 14:33:55] EDIT statsChart/views/default/index.html: 0
[2015-08-16 14:34:31] EDIT statsChart/controllers/default.py: 0
[2015-08-16 14:35:02] EDIT statsChart/controllers/default.py: 0
[2015-08-16 14:35:10] EDIT statsChart/controllers/default.py: 0
[2015-08-16 14:36:47] EDIT statsChart/views/default/index.html: 1
[2015-08-16 14:41:09] EDIT statsChart/controllers/default.py: 3
[2015-08-16 14:41:28] EDIT statsChart/views/default/index.html: 0
[2015-08-16 14:41:50] EDIT statsChart/views/default/index.html: 0
[2015-08-16 14:41:57] EDIT statsChart/views/default/index.html: 0
[2015-08-16 14:42:16] EDIT statsChart/views/default/index.html: 0
[2015-08-16 14:43:32] EDIT statsChart/controllers/default.py: 0
[2015-08-16 14:44:09] EDIT statsChart/controllers/default.py: 0
[2015-08-16 14:44:25] EDIT statsChart/controllers/default.py: 0
[2015-08-16 14:45:11] EDIT statsChart/controllers/default.py: 0
[2015-08-16 14:47:54] EDIT statsChart/controllers/default.py: 0
[2015-08-16 14:48:17] EDIT statsChart/views/default/index.html: -1
[2015-08-16 14:48:33] EDIT statsChart/views/default/index.html: 0
[2015-08-16 14:48:39] EDIT statsChart/views/default/index.html: 0
[2015-08-16 14:49:03] EDIT statsChart/views/default/index.html: 0
[2015-08-16 14:49:29] EDIT statsChart/views/default/index.html: 2
[2015-08-16 14:49:44] EDIT statsChart/views/default/index.html: 0
[2015-08-16 14:51:10] EDIT statsChart/views/default/index.html: 0
[2015-08-16 14:51:36] EDIT statsChart/views/default/index.html: 0
[2015-08-16 14:51:45] EDIT statsChart/views/default/index.html: 0
[2015-08-16 14:52:17] EDIT statsChart/views/default/index.html: 0
[2015-08-16 14:52:20] EDIT statsChart/views/default/index.html: 0
[2015-08-16 14:52:36] EDIT statsChart/controllers/default.py: 0
[2015-08-16 14:53:14] EDIT statsChart/views/default/index.html: -1
[2015-08-16 14:53:43] EDIT statsChart/views/default/index.html: 0
[2015-08-16 14:55:21] EDIT statsChart/views/default/index.html: -1
[2015-08-16 14:55:47] EDIT statsChart/views/default/index.html: -1
[2015-08-16 14:56:27] EDIT statsChart/views/default/index.html: 0
[2015-08-16 14:57:17] EDIT statsChart/controllers/default.py: -2
[2015-08-16 15:05:11] EDIT statsChart/views/default/index.html: 1
[2015-08-16 15:06:25] EDIT statsChart/views/default/index.html: 0
[2015-08-16 15:07:27] EDIT statsChart/controllers/default.py: 0
[2015-08-16 15:08:48] EDIT statsChart/controllers/default.py: 0
[2015-08-16 15:11:36] EDIT statsChart/views/default/index.html: 0
[2015-08-16 15:14:26] EDIT statsChart/views/default/index.html: 0
[2015-08-16 15:15:03] EDIT statsChart/views/default/index.html: 0
[2015-08-16 15:15:20] EDIT statsChart/views/default/index.html: 0
[2015-08-16 15:16:29] EDIT statsChart/views/default/index.html: 0
[2015-08-16 15:16:52] EDIT statsChart/views/default/index.html: 1
[2015-08-16 15:21:24] EDIT statsChart/controllers/default.py: 5
[2015-08-16 15:24:06] EDIT statsChart/controllers/default.py: -1
[2015-08-16 15:25:33] EDIT statsChart/controllers/default.py: 0
[2015-08-16 15:26:40] EDIT statsChart/controllers/default.py: 0
[2015-08-16 15:27:38] EDIT statsChart/controllers/default.py: 0
[2015-08-16 15:33:46] EDIT statsChart/controllers/default.py: 2
[2015-08-16 15:37:50] EDIT statsChart/controllers/default.py: 0
[2015-08-16 15:38:48] EDIT statsChart/controllers/default.py: 1
[2015-08-16 15:39:06] EDIT statsChart/controllers/default.py: 0
[2015-08-16 15:58:07] EDIT statsChart/controllers/default.py: 14
[2015-08-16 16:04:21] EDIT statsChart/controllers/default.py: 0
[2015-08-16 16:08:21] EDIT statsChart/controllers/default.py: 0
[2015-08-16 16:09:08] EDIT statsChart/views/default/index.html: 0
[2015-08-16 16:09:23] EDIT statsChart/views/default/index.html: 0
[2015-08-16 16:14:05] EDIT statsChart/views/default/index.html: 0
[2015-08-16 17:45:11] EDIT statsChart/controllers/default.py: 0
[2015-08-16 17:46:06] EDIT statsChart/views/default/index.html: 0
[2015-08-16 17:46:38] EDIT statsChart/views/default/index.html: 0
[2015-08-16 17:47:08] EDIT statsChart/controllers/default.py: 0
[2015-08-16 17:53:17] EDIT statsChart/views/default/index.html: 0
[2015-08-16 17:56:26] EDIT statsChart/controllers/default.py: 0
[2015-08-16 17:58:08] EDIT statsChart/controllers/default.py: 0
[2015-08-16 18:02:02] EDIT statsChart/controllers/default.py: 0
[2015-08-16 18:06:52] EDIT statsChart/controllers/default.py: 0
[2015-08-16 18:39:41] EDIT statsChart/controllers/default.py: 0
[2015-08-16 18:41:21] EDIT statsChart/controllers/default.py: 1
[2015-08-16 18:42:33] EDIT statsChart/controllers/default.py: -1
[2015-08-16 20:06:39] EDIT statsChart/controllers/default.py: 0
[2015-08-16 20:10:24] EDIT statsChart/controllers/default.py: 0
[2015-08-16 20:10:43] EDIT statsChart/controllers/default.py: -2
[2015-08-16 20:16:39] EDIT statsChart/controllers/default.py: 17
[2015-08-16 20:27:08] EDIT statsChart/controllers/default.py: -3
[2015-08-16 20:30:10] EDIT statsChart/controllers/default.py: 0
[2015-08-16 20:30:49] EDIT statsChart/controllers/default.py: 0
[2015-08-16 20:31:48] EDIT statsChart/views/default/index.html: 0
[2015-08-16 20:31:58] EDIT statsChart/controllers/default.py: 0
[2015-08-16 20:32:13] EDIT statsChart/views/default/index.html: -1
[2015-08-16 20:32:58] CREATE default/googleFinance.html: 0
[2015-08-16 20:33:26] EDIT statsChart/views/default/googleFinance.html: 4
[2015-08-16 20:33:46] EDIT statsChart/views/default/ccextractor.html: 0
[2015-08-16 20:34:35] EDIT statsChart/views/default/ccextractor.html: 33
[2015-08-16 20:34:45] EDIT statsChart/views/default/googleFinance.html: 33
[2015-08-16 20:35:03] EDIT statsChart/views/default/twitterMentions.html: 33
[2015-08-16 20:36:12] EDIT statsChart/controllers/default.py: 0
[2015-08-16 20:48:42] EDIT statsChart/views/default/googleFinance.html: 0
[2015-08-16 20:48:58] EDIT statsChart/views/default/ccextractor.html: 0
[2015-08-16 20:49:41] EDIT statsChart/views/default/index.html: 0
[2015-08-16 20:50:09] EDIT statsChart/views/default/twitterMentions.html: 0
[2015-08-16 20:50:23] EDIT statsChart/views/default/twitterMentions.html: 0
[2015-08-16 20:50:30] EDIT statsChart/views/default/index.html: 0
[2015-08-16 20:50:48] EDIT statsChart/views/default/ccextractor.html: 0
[2015-08-16 20:52:25] EDIT statsChart/views/default/googleFinance.html: 0
[2015-08-16 20:54:06] EDIT statsChart/views/default/googleFinance.html: 0
[2015-08-16 20:59:24] EDIT statsChart/views/default/index.html: 6
[2015-08-16 21:03:00] EDIT statsChart/views/default/index.html: -2
[2015-08-20 17:39:04] EDIT statsChart/models/menu.py: 0
[2015-08-22 08:54:26] EDIT statsChart/controllers/default.py: 10
[2015-08-22 08:54:49] CREATE default/readTwitter.html: 0
[2015-08-22 08:54:53] CREATE default/readTV.html: 0
[2015-08-22 08:59:06] EDIT statsChart/controllers/default.py: 0
[2015-08-22 09:00:42] EDIT statsChart/views/default/readTwitter.html: 7
[2015-08-22 09:01:27] EDIT statsChart/views/default/readTV.html: 7
[2015-08-22 09:02:39] EDIT statsChart/views/default/googleFinance.html: 2
[2015-08-22 09:02:43] EDIT statsChart/views/default/readTV.html: 0
[2015-08-22 09:02:46] EDIT statsChart/views/default/readTwitter.html: 0
[2015-08-22 09:03:44] EDIT statsChart/views/default/twitterMentions.html: 3
[2015-08-22 09:04:30] EDIT statsChart/views/default/twitterMentions.html: 0
[2015-08-22 09:04:43] EDIT statsChart/views/default/index.html: 2
[2015-08-22 09:04:52] EDIT statsChart/views/default/index.html: 0
[2015-08-22 09:05:11] EDIT statsChart/views/default/index.html: 0
[2015-08-22 09:06:10] EDIT statsChart/views/default/ccextractor.html: 2
[2015-08-22 09:06:20] EDIT statsChart/views/default/ccextractor.html: 0
[2015-08-22 09:07:07] EDIT statsChart/views/default/ccextractor.html: 0
[2015-08-22 09:07:22] EDIT statsChart/views/default/googleFinance.html: 0
[2015-08-22 09:07:39] EDIT statsChart/views/default/readTV.html: 0
[2015-08-22 09:07:57] EDIT statsChart/views/default/readTwitter.html: 0
[2015-08-22 09:07:59] EDIT statsChart/views/default/readTV.html: 0
[2015-08-22 09:08:59] EDIT statsChart/controllers/default.py: 6
[2015-08-22 09:09:09] EDIT statsChart/controllers/default.py: 0
[2015-08-22 09:09:26] EDIT statsChart/controllers/default.py: 0
[2015-08-22 09:32:05] EDIT statsChart/controllers/default.py: 4
[2015-08-22 09:38:58] EDIT statsChart/views/default/readTV.html: 11
[2015-08-22 09:39:10] EDIT statsChart/views/default/readTwitter.html: 11
[2015-08-22 09:41:24] EDIT statsChart/controllers/default.py: 1
[2015-08-22 09:42:34] EDIT statsChart/controllers/default.py: 1
[2015-08-22 09:45:52] EDIT statsChart/controllers/default.py: -1
[2015-08-22 10:20:20] EDIT statsChart/controllers/default.py: 1
[2015-08-22 10:20:56] EDIT statsChart/controllers/default.py: -1
[2015-08-22 10:48:59] EDIT statsChart/controllers/default.py: 0
[2015-08-22 10:50:35] EDIT statsChart/controllers/default.py: 0
[2015-08-22 10:50:37] EDIT statsChart/controllers/default.py: 0
[2015-08-22 10:51:12] EDIT statsChart/controllers/default.py: 0
[2015-08-22 10:53:13] EDIT statsChart/views/default/readTwitter.html: 0
[2015-08-22 10:55:25] EDIT statsChart/views/default/readTwitter.html: 3
[2015-08-22 10:58:14] EDIT statsChart/views/default/readTwitter.html: 1
[2015-08-22 10:59:36] EDIT statsChart/views/default/readTwitter.html: 2
[2015-08-22 10:59:57] EDIT statsChart/views/default/readTwitter.html: 1
[2015-08-22 11:00:30] EDIT statsChart/views/default/readTwitter.html: 0
[2015-08-22 11:00:45] EDIT statsChart/views/default/readTwitter.html: 0
[2015-08-22 11:01:11] EDIT statsChart/views/default/readTV.html: 7
[2015-08-22 11:01:15] EDIT statsChart/views/default/readTV.html: 0
